;;; TOOL: run-interp-spec
;;; STDIN_FILE: third_party/testsuite/proposals/reference-types/ref_func.wast
;;; ARGS*: --enable-reference-types
(;; STDOUT ;;;
set-g() =>
set-f() =>
out/test/spec/reference-types/ref_func.wast:71: assert_invalid passed:
  error: unknown import module "M"
  0000019: error: OnImportFunc callback failed
out/test/spec/reference-types/ref_func.wast:80: assert_invalid passed:
  error: function is not declared in any elem sections: 0
  0000020: error: EndModule callback failed
out/test/spec/reference-types/ref_func.wast:84: assert_invalid passed:
  error: function is not declared in any elem sections: 0
  0000019: error: OnRefFuncExpr callback failed
13/13 tests passed.
;;; STDOUT ;;)
