;;; TOOL: run-interp-spec
;;; STDIN_FILE: third_party/testsuite/proposals/multi-value/call.wast
;;; ARGS*: --enable-multi-value
(;; STDOUT ;;;
out/test/spec/multi-value/call.wast:344: assert_trap passed: undefined table index
out/test/spec/multi-value/call.wast:369: assert_invalid passed:
  error: type mismatch in i32.eqz, expected [i32] but got []
  000001b: error: OnConvertExpr callback failed
out/test/spec/multi-value/call.wast:376: assert_invalid passed:
  error: type mismatch in i32.eqz, expected [i32] but got [i64]
  000001f: error: OnConvertExpr callback failed
out/test/spec/multi-value/call.wast:384: assert_invalid passed:
  error: type mismatch in call, expected [i32] but got []
  000001e: error: OnCallExpr callback failed
out/test/spec/multi-value/call.wast:391: assert_invalid passed:
  error: type mismatch in call, expected [f64, i32] but got []
  000001f: error: OnCallExpr callback failed
out/test/spec/multi-value/call.wast:398: assert_invalid passed:
  error: type mismatch in function, expected [] but got [i32]
  000001d: error: EndFunctionBody callback failed
out/test/spec/multi-value/call.wast:405: assert_invalid passed:
  error: type mismatch in function, expected [] but got [f64, i32]
  0000026: error: EndFunctionBody callback failed
out/test/spec/multi-value/call.wast:413: assert_invalid passed:
  error: type mismatch in call, expected [i32, i32] but got [i32]
  0000022: error: OnCallExpr callback failed
out/test/spec/multi-value/call.wast:420: assert_invalid passed:
  error: type mismatch in call, expected [i32, i32] but got [i32]
  0000022: error: OnCallExpr callback failed
out/test/spec/multi-value/call.wast:427: assert_invalid passed:
  error: type mismatch in call, expected [i32, f64] but got [f64, i32]
  000002a: error: OnCallExpr callback failed
out/test/spec/multi-value/call.wast:434: assert_invalid passed:
  error: type mismatch in call, expected [f64, i32] but got [i32, f64]
  000002a: error: OnCallExpr callback failed
out/test/spec/multi-value/call.wast:442: assert_invalid passed:
  error: type mismatch in call, expected [i32] but got []
  0000020: error: OnCallExpr callback failed
out/test/spec/multi-value/call.wast:451: assert_invalid passed:
  error: type mismatch in call, expected [i32, i32] but got [i32]
  0000023: error: OnCallExpr callback failed
out/test/spec/multi-value/call.wast:460: assert_invalid passed:
  error: type mismatch in call, expected [i32] but got []
  0000020: error: OnCallExpr callback failed
out/test/spec/multi-value/call.wast:469: assert_invalid passed:
  error: type mismatch in call, expected [i32, i32] but got [i32]
  0000023: error: OnCallExpr callback failed
out/test/spec/multi-value/call.wast:478: assert_invalid passed:
  error: type mismatch in call, expected [i32] but got []
  0000022: error: OnCallExpr callback failed
out/test/spec/multi-value/call.wast:487: assert_invalid passed:
  error: type mismatch in call, expected [i32, i32] but got [i32]
  0000025: error: OnCallExpr callback failed
out/test/spec/multi-value/call.wast:500: assert_invalid passed:
  0000019: error: invalid call function index: 1
out/test/spec/multi-value/call.wast:504: assert_invalid passed:
  000001d: error: invalid call function index: 1012321300
89/89 tests passed.
;;; STDOUT ;;)
